<?xml version="1.0" encoding="UTF-8"?>
<TestRun id="2d84f9bd-d33d-459b-b31b-bd48daa3cb27" name="Justin@JUSTIN-PC 2012-12-02 09:36:36" runUser="Justin-PC\Justin" xmlns="http://microsoft.com/schemas/VisualStudio/TeamTest/2010">
  <TestSettings name="Local" id="a6c1648d-c4df-43a5-b2cf-5f0c25ecb43c">
    <Description>These are default test settings for a local test run.</Description>
    <Deployment enabled="false" runDeploymentRoot="Justin_JUSTIN-PC 2012-12-02 09_36_36">
      <DeploymentItem filename="C:\Users\Justin\Documents\Visual Studio 2010\Projects\302FinalProject\302FinalProject\bin\Debug\302FinalProject.exe" />
    </Deployment>
    <Execution>
      <TestTypeSpecific />
      <AgentRule name="Execution Agents">
      </AgentRule>
    </Execution>
  </TestSettings>
  <Times creation="2012-12-02T09:36:36.3911329-06:00" queuing="2012-12-02T09:36:38.1050000-06:00" start="2012-12-02T09:36:38.1675000-06:00" finish="2012-12-02T09:37:39.4223829-06:00" />
  <ResultSummary outcome="Failed">
    <Counters total="17" executed="17" passed="5" error="0" failed="2" timeout="0" aborted="0" inconclusive="10" passedButRunAborted="0" notRunnable="0" notExecuted="0" disconnected="0" warning="0" completed="0" inProgress="0" pending="0" />
    <RunInfos>
      <RunInfo computerName="JUSTIN-PC" outcome="Warning" timestamp="2012-12-02T09:36:36.4194532-06:00">
        <Text>Deployment is currently disabled. The deployment item '302FinalProject.exe' on test 'TestProject1.MainWindowTest.RemovePerson_ClickTest' was not deployed.</Text>
      </RunInfo>
    </RunInfos>
  </ResultSummary>
  <TestDefinitions>
    <UnitTest name="RemovePerson_ClickTest" storage="c:\users\justin\documents\visual studio 2010\projects\302finalproject\testproject1\bin\debug\testproject1.dll" id="38d3302b-d51b-fe18-3dda-8fc6e5876cdb">
      <DeploymentItems>
        <DeploymentItem filename="302FinalProject.exe" />
      </DeploymentItems>
      <Execution id="1900bf0e-8361-4876-ba59-2d9d2801bfa3" />
      <TestMethod codeBase="C:/Users/Justin/Documents/Visual Studio 2010/Projects/302FinalProject/TestProject1/bin/Debug/TestProject1.DLL" adapterTypeName="Microsoft.VisualStudio.TestTools.TestTypes.Unit.UnitTestAdapter, Microsoft.VisualStudio.QualityTools.Tips.UnitTest.Adapter, Version=10.0.0.0, Culture=neutral, PublicKeyToken=b03f5f7f11d50a3a" className="TestProject1.MainWindowTest, TestProject1, Version=1.0.0.0, Culture=neutral, PublicKeyToken=null" name="RemovePerson_ClickTest" />
    </UnitTest>
    <UnitTest name="AddPerson_ClickTest" storage="c:\users\justin\documents\visual studio 2010\projects\302finalproject\testproject1\bin\debug\testproject1.dll" id="ce675689-d2d7-0cdd-c0ea-eeaf2b96779a">
      <DeploymentItems>
        <DeploymentItem filename="302FinalProject.exe" />
      </DeploymentItems>
      <Execution id="a2e81d46-cabc-4f8a-9005-54289d38f3fa" />
      <TestMethod codeBase="C:/Users/Justin/Documents/Visual Studio 2010/Projects/302FinalProject/TestProject1/bin/Debug/TestProject1.DLL" adapterTypeName="Microsoft.VisualStudio.TestTools.TestTypes.Unit.UnitTestAdapter, Microsoft.VisualStudio.QualityTools.Tips.UnitTest.Adapter, Version=10.0.0.0, Culture=neutral, PublicKeyToken=b03f5f7f11d50a3a" className="TestProject1.MainWindowTest, TestProject1, Version=1.0.0.0, Culture=neutral, PublicKeyToken=null" name="AddPerson_ClickTest" />
    </UnitTest>
    <UnitTest name="button3_ClickTest" storage="c:\users\justin\documents\visual studio 2010\projects\302finalproject\testproject1\bin\debug\testproject1.dll" id="82bb23a2-6002-407a-219a-a48a8fc2036f">
      <DeploymentItems>
        <DeploymentItem filename="302FinalProject.exe" />
      </DeploymentItems>
      <Execution id="f5d9afdc-8a8d-4377-a2c8-e654d1bfc028" />
      <TestMethod codeBase="C:/Users/Justin/Documents/Visual Studio 2010/Projects/302FinalProject/TestProject1/bin/Debug/TestProject1.DLL" adapterTypeName="Microsoft.VisualStudio.TestTools.TestTypes.Unit.UnitTestAdapter, Microsoft.VisualStudio.QualityTools.Tips.UnitTest.Adapter, Version=10.0.0.0, Culture=neutral, PublicKeyToken=b03f5f7f11d50a3a" className="TestProject1.MainWindowTest, TestProject1, Version=1.0.0.0, Culture=neutral, PublicKeyToken=null" name="button3_ClickTest" />
    </UnitTest>
    <UnitTest name="MainWindowConstructorTest" storage="c:\users\justin\documents\visual studio 2010\projects\302finalproject\testproject1\bin\debug\testproject1.dll" id="0c952f85-7698-9406-1081-1831b617ec8e">
      <Execution id="a9fbe4f0-b8c6-4e7a-b745-a0d503ae3fe8" />
      <TestMethod codeBase="C:/Users/Justin/Documents/Visual Studio 2010/Projects/302FinalProject/TestProject1/bin/Debug/TestProject1.DLL" adapterTypeName="Microsoft.VisualStudio.TestTools.TestTypes.Unit.UnitTestAdapter, Microsoft.VisualStudio.QualityTools.Tips.UnitTest.Adapter, Version=10.0.0.0, Culture=neutral, PublicKeyToken=b03f5f7f11d50a3a" className="TestProject1.MainWindowTest, TestProject1, Version=1.0.0.0, Culture=neutral, PublicKeyToken=null" name="MainWindowConstructorTest" />
    </UnitTest>
    <UnitTest name="removeUserTest" storage="c:\users\justin\documents\visual studio 2010\projects\302finalproject\testproject1\bin\debug\testproject1.dll" id="be5aa915-3067-9536-c8cf-e11ad7665f45">
      <Execution id="f316286c-5698-4e6d-9abc-e770a4d0dac1" />
      <TestMethod codeBase="C:/Users/Justin/Documents/Visual Studio 2010/Projects/302FinalProject/TestProject1/bin/Debug/TestProject1.DLL" adapterTypeName="Microsoft.VisualStudio.TestTools.TestTypes.Unit.UnitTestAdapter, Microsoft.VisualStudio.QualityTools.Tips.UnitTest.Adapter, Version=10.0.0.0, Culture=neutral, PublicKeyToken=b03f5f7f11d50a3a" className="TestProject1.AddressBookTest, TestProject1, Version=1.0.0.0, Culture=neutral, PublicKeyToken=null" name="removeUserTest" />
    </UnitTest>
    <UnitTest name="setZipTest" storage="c:\users\justin\documents\visual studio 2010\projects\302finalproject\testproject1\bin\debug\testproject1.dll" id="e08206ed-4d8b-1cd4-d0ed-b0496a271624">
      <Execution id="a8b13efa-5b41-49c3-857b-4ec39b25f5ce" />
      <TestMethod codeBase="C:/Users/Justin/Documents/Visual Studio 2010/Projects/302FinalProject/TestProject1/bin/Debug/TestProject1.DLL" adapterTypeName="Microsoft.VisualStudio.TestTools.TestTypes.Unit.UnitTestAdapter, Microsoft.VisualStudio.QualityTools.Tips.UnitTest.Adapter, Version=10.0.0.0, Culture=neutral, PublicKeyToken=b03f5f7f11d50a3a" className="TestProject1.PersonTest, TestProject1, Version=1.0.0.0, Culture=neutral, PublicKeyToken=null" name="setZipTest" />
    </UnitTest>
    <UnitTest name="AddressBookConstructorTest" storage="c:\users\justin\documents\visual studio 2010\projects\302finalproject\testproject1\bin\debug\testproject1.dll" id="d398e9c1-fb4c-15e0-d0c4-aac0ba34194f">
      <Execution id="2c43a68c-283f-455f-ace8-60f459cd5705" />
      <TestMethod codeBase="C:/Users/Justin/Documents/Visual Studio 2010/Projects/302FinalProject/TestProject1/bin/Debug/TestProject1.DLL" adapterTypeName="Microsoft.VisualStudio.TestTools.TestTypes.Unit.UnitTestAdapter, Microsoft.VisualStudio.QualityTools.Tips.UnitTest.Adapter, Version=10.0.0.0, Culture=neutral, PublicKeyToken=b03f5f7f11d50a3a" className="TestProject1.AddressBookTest, TestProject1, Version=1.0.0.0, Culture=neutral, PublicKeyToken=null" name="AddressBookConstructorTest" />
    </UnitTest>
    <UnitTest name="InitializeComponentTest" storage="c:\users\justin\documents\visual studio 2010\projects\302finalproject\testproject1\bin\debug\testproject1.dll" id="2ff40d63-a64f-49cb-833c-a28ef9755bc4">
      <Execution id="b9de7d46-b7ed-40ac-8e4d-97903b8a6d91" />
      <TestMethod codeBase="C:/Users/Justin/Documents/Visual Studio 2010/Projects/302FinalProject/TestProject1/bin/Debug/TestProject1.DLL" adapterTypeName="Microsoft.VisualStudio.TestTools.TestTypes.Unit.UnitTestAdapter, Microsoft.VisualStudio.QualityTools.Tips.UnitTest.Adapter, Version=10.0.0.0, Culture=neutral, PublicKeyToken=b03f5f7f11d50a3a" className="TestProject1.MainWindowTest, TestProject1, Version=1.0.0.0, Culture=neutral, PublicKeyToken=null" name="InitializeComponentTest" />
    </UnitTest>
    <UnitTest name="button2_ClickTest" storage="c:\users\justin\documents\visual studio 2010\projects\302finalproject\testproject1\bin\debug\testproject1.dll" id="01bc3942-397c-0424-f6d8-5fbf0d2bb099">
      <DeploymentItems>
        <DeploymentItem filename="302FinalProject.exe" />
      </DeploymentItems>
      <Execution id="c9bad938-4638-416c-afad-2ce8aa0ffe6c" />
      <TestMethod codeBase="C:/Users/Justin/Documents/Visual Studio 2010/Projects/302FinalProject/TestProject1/bin/Debug/TestProject1.DLL" adapterTypeName="Microsoft.VisualStudio.TestTools.TestTypes.Unit.UnitTestAdapter, Microsoft.VisualStudio.QualityTools.Tips.UnitTest.Adapter, Version=10.0.0.0, Culture=neutral, PublicKeyToken=b03f5f7f11d50a3a" className="TestProject1.MainWindowTest, TestProject1, Version=1.0.0.0, Culture=neutral, PublicKeyToken=null" name="button2_ClickTest" />
    </UnitTest>
    <UnitTest name="button1_ClickTest" storage="c:\users\justin\documents\visual studio 2010\projects\302finalproject\testproject1\bin\debug\testproject1.dll" id="73abe3d4-07d6-9c65-b90a-579adb3e7c4e">
      <DeploymentItems>
        <DeploymentItem filename="302FinalProject.exe" />
      </DeploymentItems>
      <Execution id="63bdddc4-4d64-4874-9c7e-d9b954652942" />
      <TestMethod codeBase="C:/Users/Justin/Documents/Visual Studio 2010/Projects/302FinalProject/TestProject1/bin/Debug/TestProject1.DLL" adapterTypeName="Microsoft.VisualStudio.TestTools.TestTypes.Unit.UnitTestAdapter, Microsoft.VisualStudio.QualityTools.Tips.UnitTest.Adapter, Version=10.0.0.0, Culture=neutral, PublicKeyToken=b03f5f7f11d50a3a" className="TestProject1.MainWindowTest, TestProject1, Version=1.0.0.0, Culture=neutral, PublicKeyToken=null" name="button1_ClickTest" />
    </UnitTest>
    <UnitTest name="setStateTest" storage="c:\users\justin\documents\visual studio 2010\projects\302finalproject\testproject1\bin\debug\testproject1.dll" id="35344a51-9ffa-e218-80f9-c24e8fcee0c2">
      <Execution id="5a060a90-4b24-47fd-b30e-a036f7ccf0b1" />
      <TestMethod codeBase="C:/Users/Justin/Documents/Visual Studio 2010/Projects/302FinalProject/TestProject1/bin/Debug/TestProject1.DLL" adapterTypeName="Microsoft.VisualStudio.TestTools.TestTypes.Unit.UnitTestAdapter, Microsoft.VisualStudio.QualityTools.Tips.UnitTest.Adapter, Version=10.0.0.0, Culture=neutral, PublicKeyToken=b03f5f7f11d50a3a" className="TestProject1.PersonTest, TestProject1, Version=1.0.0.0, Culture=neutral, PublicKeyToken=null" name="setStateTest" />
    </UnitTest>
    <UnitTest name="addUserTest" storage="c:\users\justin\documents\visual studio 2010\projects\302finalproject\testproject1\bin\debug\testproject1.dll" id="745bf10e-17c0-cd48-3e5b-57c54e907349">
      <Execution id="6fe6ee30-532c-412b-b603-c269acbfd52d" />
      <TestMethod codeBase="C:/Users/Justin/Documents/Visual Studio 2010/Projects/302FinalProject/TestProject1/bin/Debug/TestProject1.DLL" adapterTypeName="Microsoft.VisualStudio.TestTools.TestTypes.Unit.UnitTestAdapter, Microsoft.VisualStudio.QualityTools.Tips.UnitTest.Adapter, Version=10.0.0.0, Culture=neutral, PublicKeyToken=b03f5f7f11d50a3a" className="TestProject1.AddressBookTest, TestProject1, Version=1.0.0.0, Culture=neutral, PublicKeyToken=null" name="addUserTest" />
    </UnitTest>
    <UnitTest name="ConnectTest" storage="c:\users\justin\documents\visual studio 2010\projects\302finalproject\testproject1\bin\debug\testproject1.dll" id="aa8c5814-28e1-dbe8-b20d-a761d402e385">
      <DeploymentItems>
        <DeploymentItem filename="302FinalProject.exe" />
      </DeploymentItems>
      <Execution id="28d5378b-b0a0-4b2f-884e-a48531d550f0" />
      <TestMethod codeBase="C:/Users/Justin/Documents/Visual Studio 2010/Projects/302FinalProject/TestProject1/bin/Debug/TestProject1.DLL" adapterTypeName="Microsoft.VisualStudio.TestTools.TestTypes.Unit.UnitTestAdapter, Microsoft.VisualStudio.QualityTools.Tips.UnitTest.Adapter, Version=10.0.0.0, Culture=neutral, PublicKeyToken=b03f5f7f11d50a3a" className="TestProject1.MainWindowTest, TestProject1, Version=1.0.0.0, Culture=neutral, PublicKeyToken=null" name="ConnectTest" />
    </UnitTest>
    <UnitTest name="PersonConstructorTest" storage="c:\users\justin\documents\visual studio 2010\projects\302finalproject\testproject1\bin\debug\testproject1.dll" id="f3e619c4-033e-1701-a2ae-7a9955055f50">
      <Execution id="c107db77-31c0-4863-a278-07dd58f3c896" />
      <TestMethod codeBase="C:/Users/Justin/Documents/Visual Studio 2010/Projects/302FinalProject/TestProject1/bin/Debug/TestProject1.DLL" adapterTypeName="Microsoft.VisualStudio.TestTools.TestTypes.Unit.UnitTestAdapter, Microsoft.VisualStudio.QualityTools.Tips.UnitTest.Adapter, Version=10.0.0.0, Culture=neutral, PublicKeyToken=b03f5f7f11d50a3a" className="TestProject1.PersonTest, TestProject1, Version=1.0.0.0, Culture=neutral, PublicKeyToken=null" name="PersonConstructorTest" />
    </UnitTest>
    <UnitTest name="setAddressTest" storage="c:\users\justin\documents\visual studio 2010\projects\302finalproject\testproject1\bin\debug\testproject1.dll" id="0c3a2482-98fc-486a-fe15-6e953db2803b">
      <Execution id="e3cb5eda-db13-4625-b848-95b79c611bc6" />
      <TestMethod codeBase="C:/Users/Justin/Documents/Visual Studio 2010/Projects/302FinalProject/TestProject1/bin/Debug/TestProject1.DLL" adapterTypeName="Microsoft.VisualStudio.TestTools.TestTypes.Unit.UnitTestAdapter, Microsoft.VisualStudio.QualityTools.Tips.UnitTest.Adapter, Version=10.0.0.0, Culture=neutral, PublicKeyToken=b03f5f7f11d50a3a" className="TestProject1.PersonTest, TestProject1, Version=1.0.0.0, Culture=neutral, PublicKeyToken=null" name="setAddressTest" />
    </UnitTest>
    <UnitTest name="setNumberTest" storage="c:\users\justin\documents\visual studio 2010\projects\302finalproject\testproject1\bin\debug\testproject1.dll" id="beac8f2c-890b-f3e1-6cca-6d307c14c27a">
      <Execution id="de6a8389-f199-4069-b8b5-c4576b3a5f40" />
      <TestMethod codeBase="C:/Users/Justin/Documents/Visual Studio 2010/Projects/302FinalProject/TestProject1/bin/Debug/TestProject1.DLL" adapterTypeName="Microsoft.VisualStudio.TestTools.TestTypes.Unit.UnitTestAdapter, Microsoft.VisualStudio.QualityTools.Tips.UnitTest.Adapter, Version=10.0.0.0, Culture=neutral, PublicKeyToken=b03f5f7f11d50a3a" className="TestProject1.PersonTest, TestProject1, Version=1.0.0.0, Culture=neutral, PublicKeyToken=null" name="setNumberTest" />
    </UnitTest>
    <UnitTest name="setNameTest" storage="c:\users\justin\documents\visual studio 2010\projects\302finalproject\testproject1\bin\debug\testproject1.dll" id="f0412e44-6fec-8bd8-23a9-d77c8cba5a2f">
      <Execution id="337c4a21-091d-4752-9b8f-f90accc3484a" />
      <TestMethod codeBase="C:/Users/Justin/Documents/Visual Studio 2010/Projects/302FinalProject/TestProject1/bin/Debug/TestProject1.DLL" adapterTypeName="Microsoft.VisualStudio.TestTools.TestTypes.Unit.UnitTestAdapter, Microsoft.VisualStudio.QualityTools.Tips.UnitTest.Adapter, Version=10.0.0.0, Culture=neutral, PublicKeyToken=b03f5f7f11d50a3a" className="TestProject1.PersonTest, TestProject1, Version=1.0.0.0, Culture=neutral, PublicKeyToken=null" name="setNameTest" />
    </UnitTest>
  </TestDefinitions>
  <TestLists>
    <TestList name="Results Not in a List" id="8c84fa94-04c1-424b-9868-57a2d4851a1d" />
    <TestList name="All Loaded Results" id="19431567-8539-422a-85d7-44ee4e166bda" />
  </TestLists>
  <TestEntries>
    <TestEntry testId="e08206ed-4d8b-1cd4-d0ed-b0496a271624" executionId="a8b13efa-5b41-49c3-857b-4ec39b25f5ce" testListId="8c84fa94-04c1-424b-9868-57a2d4851a1d" />
    <TestEntry testId="35344a51-9ffa-e218-80f9-c24e8fcee0c2" executionId="5a060a90-4b24-47fd-b30e-a036f7ccf0b1" testListId="8c84fa94-04c1-424b-9868-57a2d4851a1d" />
    <TestEntry testId="beac8f2c-890b-f3e1-6cca-6d307c14c27a" executionId="de6a8389-f199-4069-b8b5-c4576b3a5f40" testListId="8c84fa94-04c1-424b-9868-57a2d4851a1d" />
    <TestEntry testId="f0412e44-6fec-8bd8-23a9-d77c8cba5a2f" executionId="337c4a21-091d-4752-9b8f-f90accc3484a" testListId="8c84fa94-04c1-424b-9868-57a2d4851a1d" />
    <TestEntry testId="0c3a2482-98fc-486a-fe15-6e953db2803b" executionId="e3cb5eda-db13-4625-b848-95b79c611bc6" testListId="8c84fa94-04c1-424b-9868-57a2d4851a1d" />
    <TestEntry testId="f3e619c4-033e-1701-a2ae-7a9955055f50" executionId="c107db77-31c0-4863-a278-07dd58f3c896" testListId="8c84fa94-04c1-424b-9868-57a2d4851a1d" />
    <TestEntry testId="d398e9c1-fb4c-15e0-d0c4-aac0ba34194f" executionId="2c43a68c-283f-455f-ace8-60f459cd5705" testListId="8c84fa94-04c1-424b-9868-57a2d4851a1d" />
    <TestEntry testId="745bf10e-17c0-cd48-3e5b-57c54e907349" executionId="6fe6ee30-532c-412b-b603-c269acbfd52d" testListId="8c84fa94-04c1-424b-9868-57a2d4851a1d" />
    <TestEntry testId="be5aa915-3067-9536-c8cf-e11ad7665f45" executionId="f316286c-5698-4e6d-9abc-e770a4d0dac1" testListId="8c84fa94-04c1-424b-9868-57a2d4851a1d" />
    <TestEntry testId="0c952f85-7698-9406-1081-1831b617ec8e" executionId="a9fbe4f0-b8c6-4e7a-b745-a0d503ae3fe8" testListId="8c84fa94-04c1-424b-9868-57a2d4851a1d" />
    <TestEntry testId="ce675689-d2d7-0cdd-c0ea-eeaf2b96779a" executionId="a2e81d46-cabc-4f8a-9005-54289d38f3fa" testListId="8c84fa94-04c1-424b-9868-57a2d4851a1d" />
    <TestEntry testId="2ff40d63-a64f-49cb-833c-a28ef9755bc4" executionId="b9de7d46-b7ed-40ac-8e4d-97903b8a6d91" testListId="8c84fa94-04c1-424b-9868-57a2d4851a1d" />
    <TestEntry testId="38d3302b-d51b-fe18-3dda-8fc6e5876cdb" executionId="1900bf0e-8361-4876-ba59-2d9d2801bfa3" testListId="8c84fa94-04c1-424b-9868-57a2d4851a1d" />
    <TestEntry testId="aa8c5814-28e1-dbe8-b20d-a761d402e385" executionId="28d5378b-b0a0-4b2f-884e-a48531d550f0" testListId="8c84fa94-04c1-424b-9868-57a2d4851a1d" />
    <TestEntry testId="73abe3d4-07d6-9c65-b90a-579adb3e7c4e" executionId="63bdddc4-4d64-4874-9c7e-d9b954652942" testListId="8c84fa94-04c1-424b-9868-57a2d4851a1d" />
    <TestEntry testId="01bc3942-397c-0424-f6d8-5fbf0d2bb099" executionId="c9bad938-4638-416c-afad-2ce8aa0ffe6c" testListId="8c84fa94-04c1-424b-9868-57a2d4851a1d" />
    <TestEntry testId="82bb23a2-6002-407a-219a-a48a8fc2036f" executionId="f5d9afdc-8a8d-4377-a2c8-e654d1bfc028" testListId="8c84fa94-04c1-424b-9868-57a2d4851a1d" />
  </TestEntries>
  <Results>
    <UnitTestResult executionId="a8b13efa-5b41-49c3-857b-4ec39b25f5ce" testId="e08206ed-4d8b-1cd4-d0ed-b0496a271624" testName="setZipTest" computerName="JUSTIN-PC" duration="00:00:10.5389950" startTime="2012-12-02T09:36:38.2143750-06:00" endTime="2012-12-02T09:36:49.3159375-06:00" testType="13cdc9d9-ddb5-4fa4-a97d-d965ccfc6d4b" outcome="Inconclusive" testListId="8c84fa94-04c1-424b-9868-57a2d4851a1d" relativeResultsDirectory="a8b13efa-5b41-49c3-857b-4ec39b25f5ce">
      <Output>
        <ErrorInfo>
          <Message>Assert.Inconclusive failed. A method that does not return a value cannot be verified.</Message>
          <StackTrace>   at TestProject1.PersonTest.setZipTest() in C:\Users\Justin\Documents\Visual Studio 2010\Projects\302FinalProject\TestProject1\PersonTest.cs:line 82
</StackTrace>
        </ErrorInfo>
      </Output>
    </UnitTestResult>
    <UnitTestResult executionId="5a060a90-4b24-47fd-b30e-a036f7ccf0b1" testId="35344a51-9ffa-e218-80f9-c24e8fcee0c2" testName="setStateTest" computerName="JUSTIN-PC" duration="00:00:00.0005078" startTime="2012-12-02T09:36:49.3237500-06:00" endTime="2012-12-02T09:36:49.3315625-06:00" testType="13cdc9d9-ddb5-4fa4-a97d-d965ccfc6d4b" outcome="Passed" testListId="8c84fa94-04c1-424b-9868-57a2d4851a1d" relativeResultsDirectory="5a060a90-4b24-47fd-b30e-a036f7ccf0b1">
    </UnitTestResult>
    <UnitTestResult executionId="de6a8389-f199-4069-b8b5-c4576b3a5f40" testId="beac8f2c-890b-f3e1-6cca-6d307c14c27a" testName="setNumberTest" computerName="JUSTIN-PC" duration="00:00:00.0003075" startTime="2012-12-02T09:36:49.3315625-06:00" endTime="2012-12-02T09:36:49.3471875-06:00" testType="13cdc9d9-ddb5-4fa4-a97d-d965ccfc6d4b" outcome="Passed" testListId="8c84fa94-04c1-424b-9868-57a2d4851a1d" relativeResultsDirectory="de6a8389-f199-4069-b8b5-c4576b3a5f40">
    </UnitTestResult>
    <UnitTestResult executionId="337c4a21-091d-4752-9b8f-f90accc3484a" testId="f0412e44-6fec-8bd8-23a9-d77c8cba5a2f" testName="setNameTest" computerName="JUSTIN-PC" duration="00:00:00.0004034" startTime="2012-12-02T09:36:49.3471875-06:00" endTime="2012-12-02T09:36:49.3550000-06:00" testType="13cdc9d9-ddb5-4fa4-a97d-d965ccfc6d4b" outcome="Passed" testListId="8c84fa94-04c1-424b-9868-57a2d4851a1d" relativeResultsDirectory="337c4a21-091d-4752-9b8f-f90accc3484a">
    </UnitTestResult>
    <UnitTestResult executionId="e3cb5eda-db13-4625-b848-95b79c611bc6" testId="0c3a2482-98fc-486a-fe15-6e953db2803b" testName="setAddressTest" computerName="JUSTIN-PC" duration="00:00:00.0003098" startTime="2012-12-02T09:36:49.3628125-06:00" endTime="2012-12-02T09:36:49.3706250-06:00" testType="13cdc9d9-ddb5-4fa4-a97d-d965ccfc6d4b" outcome="Passed" testListId="8c84fa94-04c1-424b-9868-57a2d4851a1d" relativeResultsDirectory="e3cb5eda-db13-4625-b848-95b79c611bc6">
    </UnitTestResult>
    <UnitTestResult executionId="c107db77-31c0-4863-a278-07dd58f3c896" testId="f3e619c4-033e-1701-a2ae-7a9955055f50" testName="PersonConstructorTest" computerName="JUSTIN-PC" duration="00:00:00.0002240" startTime="2012-12-02T09:36:49.3784375-06:00" endTime="2012-12-02T09:36:49.3862500-06:00" testType="13cdc9d9-ddb5-4fa4-a97d-d965ccfc6d4b" outcome="Passed" testListId="8c84fa94-04c1-424b-9868-57a2d4851a1d" relativeResultsDirectory="c107db77-31c0-4863-a278-07dd58f3c896">
    </UnitTestResult>
    <UnitTestResult executionId="2c43a68c-283f-455f-ace8-60f459cd5705" testId="d398e9c1-fb4c-15e0-d0c4-aac0ba34194f" testName="AddressBookConstructorTest" computerName="JUSTIN-PC" duration="00:00:01.5061196" startTime="2012-12-02T09:36:49.3862500-06:00" endTime="2012-12-02T09:36:50.9018750-06:00" testType="13cdc9d9-ddb5-4fa4-a97d-d965ccfc6d4b" outcome="Inconclusive" testListId="8c84fa94-04c1-424b-9868-57a2d4851a1d" relativeResultsDirectory="2c43a68c-283f-455f-ace8-60f459cd5705">
      <Output>
        <ErrorInfo>
          <Message>Assert.Inconclusive failed. TODO: Implement code to verify target</Message>
          <StackTrace>   at TestProject1.AddressBookTest.AddressBookConstructorTest() in C:\Users\Justin\Documents\Visual Studio 2010\Projects\302FinalProject\TestProject1\AddressBookTest.cs:line 75
</StackTrace>
        </ErrorInfo>
      </Output>
    </UnitTestResult>
    <UnitTestResult executionId="6fe6ee30-532c-412b-b603-c269acbfd52d" testId="745bf10e-17c0-cd48-3e5b-57c54e907349" testName="addUserTest" computerName="JUSTIN-PC" duration="00:00:23.1020079" startTime="2012-12-02T09:36:50.9096875-06:00" endTime="2012-12-02T09:37:14.0190625-06:00" testType="13cdc9d9-ddb5-4fa4-a97d-d965ccfc6d4b" outcome="Failed" testListId="8c84fa94-04c1-424b-9868-57a2d4851a1d" relativeResultsDirectory="6fe6ee30-532c-412b-b603-c269acbfd52d">
      <Output>
        <ErrorInfo>
          <Message>Test method TestProject1.AddressBookTest.addUserTest threw exception: 
System.NotImplementedException: The method or operation is not implemented.</Message>
          <StackTrace>    at _302FinalProject.AddressBook.addUser(Person User) in C:\Users\Justin\Documents\Visual Studio 2010\Projects\302FinalProject\302FinalProject\AddressBook.cs:line 12
   at TestProject1.AddressBookTest.addUserTest() in C:\Users\Justin\Documents\Visual Studio 2010\Projects\302FinalProject\TestProject1\AddressBookTest.cs:line 86
</StackTrace>
        </ErrorInfo>
      </Output>
    </UnitTestResult>
    <UnitTestResult executionId="f316286c-5698-4e6d-9abc-e770a4d0dac1" testId="be5aa915-3067-9536-c8cf-e11ad7665f45" testName="removeUserTest" computerName="JUSTIN-PC" duration="00:00:01.3260174" startTime="2012-12-02T09:37:14.0268750-06:00" endTime="2012-12-02T09:37:15.3628125-06:00" testType="13cdc9d9-ddb5-4fa4-a97d-d965ccfc6d4b" outcome="Failed" testListId="8c84fa94-04c1-424b-9868-57a2d4851a1d" relativeResultsDirectory="f316286c-5698-4e6d-9abc-e770a4d0dac1">
      <Output>
        <ErrorInfo>
          <Message>Test method TestProject1.AddressBookTest.removeUserTest threw exception: 
System.NotImplementedException: The method or operation is not implemented.</Message>
          <StackTrace>    at _302FinalProject.AddressBook.removeUser(Person User) in C:\Users\Justin\Documents\Visual Studio 2010\Projects\302FinalProject\302FinalProject\AddressBook.cs:line 17
   at TestProject1.AddressBookTest.removeUserTest() in C:\Users\Justin\Documents\Visual Studio 2010\Projects\302FinalProject\TestProject1\AddressBookTest.cs:line 98
</StackTrace>
        </ErrorInfo>
      </Output>
    </UnitTestResult>
    <UnitTestResult executionId="a9fbe4f0-b8c6-4e7a-b745-a0d503ae3fe8" testId="0c952f85-7698-9406-1081-1831b617ec8e" testName="MainWindowConstructorTest" computerName="JUSTIN-PC" duration="00:00:05.8019295" startTime="2012-12-02T09:37:15.3706250-06:00" endTime="2012-12-02T09:37:21.1831250-06:00" testType="13cdc9d9-ddb5-4fa4-a97d-d965ccfc6d4b" outcome="Inconclusive" testListId="8c84fa94-04c1-424b-9868-57a2d4851a1d" relativeResultsDirectory="a9fbe4f0-b8c6-4e7a-b745-a0d503ae3fe8">
      <Output>
        <ErrorInfo>
          <Message>Assert.Inconclusive failed. TODO: Implement code to verify target</Message>
          <StackTrace>   at TestProject1.MainWindowTest.MainWindowConstructorTest() in C:\Users\Justin\Documents\Visual Studio 2010\Projects\302FinalProject\TestProject1\MainWindowTest.cs:line 77
</StackTrace>
        </ErrorInfo>
      </Output>
    </UnitTestResult>
    <UnitTestResult executionId="a2e81d46-cabc-4f8a-9005-54289d38f3fa" testId="ce675689-d2d7-0cdd-c0ea-eeaf2b96779a" testName="AddPerson_ClickTest" computerName="JUSTIN-PC" duration="00:00:02.6955283" startTime="2012-12-02T09:37:21.1909375-06:00" endTime="2012-12-02T09:37:23.9018750-06:00" testType="13cdc9d9-ddb5-4fa4-a97d-d965ccfc6d4b" outcome="Inconclusive" testListId="8c84fa94-04c1-424b-9868-57a2d4851a1d" relativeResultsDirectory="a2e81d46-cabc-4f8a-9005-54289d38f3fa">
      <Output>
        <ErrorInfo>
          <Message>Assert.Inconclusive failed. A method that does not return a value cannot be verified.</Message>
          <StackTrace>   at TestProject1.MainWindowTest.AddPerson_ClickTest() in C:\Users\Justin\Documents\Visual Studio 2010\Projects\302FinalProject\TestProject1\MainWindowTest.cs:line 91
</StackTrace>
        </ErrorInfo>
      </Output>
    </UnitTestResult>
    <UnitTestResult executionId="b9de7d46-b7ed-40ac-8e4d-97903b8a6d91" testId="2ff40d63-a64f-49cb-833c-a28ef9755bc4" testName="InitializeComponentTest" computerName="JUSTIN-PC" duration="00:00:01.2520929" startTime="2012-12-02T09:37:23.9096875-06:00" endTime="2012-12-02T09:37:25.1753125-06:00" testType="13cdc9d9-ddb5-4fa4-a97d-d965ccfc6d4b" outcome="Inconclusive" testListId="8c84fa94-04c1-424b-9868-57a2d4851a1d" relativeResultsDirectory="b9de7d46-b7ed-40ac-8e4d-97903b8a6d91">
      <Output>
        <ErrorInfo>
          <Message>Assert.Inconclusive failed. A method that does not return a value cannot be verified.</Message>
          <StackTrace>   at TestProject1.MainWindowTest.InitializeComponentTest() in C:\Users\Justin\Documents\Visual Studio 2010\Projects\302FinalProject\TestProject1\MainWindowTest.cs:line 102
</StackTrace>
        </ErrorInfo>
      </Output>
    </UnitTestResult>
    <UnitTestResult executionId="1900bf0e-8361-4876-ba59-2d9d2801bfa3" testId="38d3302b-d51b-fe18-3dda-8fc6e5876cdb" testName="RemovePerson_ClickTest" computerName="JUSTIN-PC" duration="00:00:01.1443993" startTime="2012-12-02T09:37:25.1831250-06:00" endTime="2012-12-02T09:37:26.3393750-06:00" testType="13cdc9d9-ddb5-4fa4-a97d-d965ccfc6d4b" outcome="Inconclusive" testListId="8c84fa94-04c1-424b-9868-57a2d4851a1d" relativeResultsDirectory="1900bf0e-8361-4876-ba59-2d9d2801bfa3">
      <Output>
        <ErrorInfo>
          <Message>Assert.Inconclusive failed. A method that does not return a value cannot be verified.</Message>
          <StackTrace>   at TestProject1.MainWindowTest.RemovePerson_ClickTest() in C:\Users\Justin\Documents\Visual Studio 2010\Projects\302FinalProject\TestProject1\MainWindowTest.cs:line 116
</StackTrace>
        </ErrorInfo>
      </Output>
    </UnitTestResult>
    <UnitTestResult executionId="28d5378b-b0a0-4b2f-884e-a48531d550f0" testId="aa8c5814-28e1-dbe8-b20d-a761d402e385" testName="ConnectTest" computerName="JUSTIN-PC" duration="00:00:00.9358264" startTime="2012-12-02T09:37:26.3471875-06:00" endTime="2012-12-02T09:37:27.2925000-06:00" testType="13cdc9d9-ddb5-4fa4-a97d-d965ccfc6d4b" outcome="Inconclusive" testListId="8c84fa94-04c1-424b-9868-57a2d4851a1d" relativeResultsDirectory="28d5378b-b0a0-4b2f-884e-a48531d550f0">
      <Output>
        <ErrorInfo>
          <Message>Assert.Inconclusive failed. A method that does not return a value cannot be verified.</Message>
          <StackTrace>   at TestProject1.MainWindowTest.ConnectTest() in C:\Users\Justin\Documents\Visual Studio 2010\Projects\302FinalProject\TestProject1\MainWindowTest.cs:line 130
</StackTrace>
        </ErrorInfo>
      </Output>
    </UnitTestResult>
    <UnitTestResult executionId="63bdddc4-4d64-4874-9c7e-d9b954652942" testId="73abe3d4-07d6-9c65-b90a-579adb3e7c4e" testName="button1_ClickTest" computerName="JUSTIN-PC" duration="00:00:10.0426325" startTime="2012-12-02T09:37:27.3003125-06:00" endTime="2012-12-02T09:37:37.3608594-06:00" testType="13cdc9d9-ddb5-4fa4-a97d-d965ccfc6d4b" outcome="Inconclusive" testListId="8c84fa94-04c1-424b-9868-57a2d4851a1d" relativeResultsDirectory="63bdddc4-4d64-4874-9c7e-d9b954652942">
      <Output>
        <ErrorInfo>
          <Message>Assert.Inconclusive failed. A method that does not return a value cannot be verified.</Message>
          <StackTrace>   at TestProject1.MainWindowTest.button1_ClickTest() in C:\Users\Justin\Documents\Visual Studio 2010\Projects\302FinalProject\TestProject1\MainWindowTest.cs:line 144
</StackTrace>
        </ErrorInfo>
      </Output>
    </UnitTestResult>
    <UnitTestResult executionId="c9bad938-4638-416c-afad-2ce8aa0ffe6c" testId="01bc3942-397c-0424-f6d8-5fbf0d2bb099" testName="button2_ClickTest" computerName="JUSTIN-PC" duration="00:00:01.1947498" startTime="2012-12-02T09:37:37.3657422-06:00" endTime="2012-12-02T09:37:38.5708204-06:00" testType="13cdc9d9-ddb5-4fa4-a97d-d965ccfc6d4b" outcome="Inconclusive" testListId="8c84fa94-04c1-424b-9868-57a2d4851a1d" relativeResultsDirectory="c9bad938-4638-416c-afad-2ce8aa0ffe6c">
      <Output>
        <ErrorInfo>
          <Message>Assert.Inconclusive failed. A method that does not return a value cannot be verified.</Message>
          <StackTrace>   at TestProject1.MainWindowTest.button2_ClickTest() in C:\Users\Justin\Documents\Visual Studio 2010\Projects\302FinalProject\TestProject1\MainWindowTest.cs:line 158
</StackTrace>
        </ErrorInfo>
      </Output>
    </UnitTestResult>
    <UnitTestResult executionId="f5d9afdc-8a8d-4377-a2c8-e654d1bfc028" testId="82bb23a2-6002-407a-219a-a48a8fc2036f" testName="button3_ClickTest" computerName="JUSTIN-PC" duration="00:00:00.7411137" startTime="2012-12-02T09:37:38.5786329-06:00" endTime="2012-12-02T09:37:39.3286329-06:00" testType="13cdc9d9-ddb5-4fa4-a97d-d965ccfc6d4b" outcome="Inconclusive" testListId="8c84fa94-04c1-424b-9868-57a2d4851a1d" relativeResultsDirectory="f5d9afdc-8a8d-4377-a2c8-e654d1bfc028">
      <Output>
        <ErrorInfo>
          <Message>Assert.Inconclusive failed. A method that does not return a value cannot be verified.</Message>
          <StackTrace>   at TestProject1.MainWindowTest.button3_ClickTest() in C:\Users\Justin\Documents\Visual Studio 2010\Projects\302FinalProject\TestProject1\MainWindowTest.cs:line 172
</StackTrace>
        </ErrorInfo>
      </Output>
    </UnitTestResult>
  </Results>
</TestRun>